c:\users\anish\downloads\samir\inventorymanagementsystem\orderpage\x64\debug\orderpage.pch
c:\users\anish\downloads\samir\inventorymanagementsystem\orderpage\x64\debug\vc143.pdb
c:\users\anish\downloads\samir\inventorymanagementsystem\orderpage\x64\debug\pch.obj
c:\users\anish\downloads\samir\inventorymanagementsystem\orderpage\x64\debug\orderscreen.obj
c:\users\anish\downloads\samir\inventorymanagementsystem\orderpage\x64\debug\orderpage.obj
c:\users\anish\downloads\samir\inventorymanagementsystem\orderpage\x64\debug\assemblyinfo.obj
c:\users\anish\downloads\samir\inventorymanagementsystem\orderpage\x64\debug\.netframework,version=v4.7.2.assemblyattributes.obj
c:\users\anish\downloads\samir\inventorymanagementsystem\x64\debug\orderpage.dll
c:\users\anish\downloads\samir\inventorymanagementsystem\x64\debug\orderpage.pdb
c:\users\anish\downloads\samir\inventorymanagementsystem\orderpage\x64\debug\app.res
c:\users\anish\downloads\samir\inventorymanagementsystem\orderpage\x64\debug\orderpage.tlog\cl.command.1.tlog
c:\users\anish\downloads\samir\inventorymanagementsystem\orderpage\x64\debug\orderpage.tlog\cl.read.1.tlog
c:\users\anish\downloads\samir\inventorymanagementsystem\orderpage\x64\debug\orderpage.tlog\cl.write.1.tlog
c:\users\anish\downloads\samir\inventorymanagementsystem\orderpage\x64\debug\orderpage.tlog\link.command.1.tlog
c:\users\anish\downloads\samir\inventorymanagementsystem\orderpage\x64\debug\orderpage.tlog\link.read.1.tlog
c:\users\anish\downloads\samir\inventorymanagementsystem\orderpage\x64\debug\orderpage.tlog\link.write.1.tlog
c:\users\anish\downloads\samir\inventorymanagementsystem\orderpage\x64\debug\orderpage.tlog\metagen.read.1.tlog
c:\users\anish\downloads\samir\inventorymanagementsystem\orderpage\x64\debug\orderpage.tlog\metagen.write.1.tlog
c:\users\anish\downloads\samir\inventorymanagementsystem\orderpage\x64\debug\orderpage.tlog\rc.command.1.tlog
c:\users\anish\downloads\samir\inventorymanagementsystem\orderpage\x64\debug\orderpage.tlog\rc.read.1.tlog
c:\users\anish\downloads\samir\inventorymanagementsystem\orderpage\x64\debug\orderpage.tlog\rc.write.1.tlog
c:\users\anish\downloads\samir\inventorymanagementsystem\orderpage\x64\debug\orderpage.tlog\resgen.command.1.tlog
c:\users\anish\downloads\samir\inventorymanagementsystem\orderpage\x64\debug\orderpage.tlog\resgen.read.1.tlog
c:\users\anish\downloads\samir\inventorymanagementsystem\orderpage\x64\debug\orderpage.tlog\resgen.write.1.tlog
