  pch.cpp
  AddOrder.cpp
  AddProduct.cpp
  AddUser.cpp
C:\Users\anish\Downloads\samir\InventoryManagementSystem\InventoryManagementSystem\userModel.h(11,3): warning C4996: 'strcpy': This function or variable may be unsafe. Consider using strcpy_s instead. To disable deprecation, use _CRT_SECURE_NO_WARNINGS. See online help for details.
C:\Users\anish\Downloads\samir\InventoryManagementSystem\InventoryManagementSystem\userModel.h(12,3): warning C4996: 'strcpy': This function or variable may be unsafe. Consider using strcpy_s instead. To disable deprecation, use _CRT_SECURE_NO_WARNINGS. See online help for details.
C:\Users\anish\Downloads\samir\InventoryManagementSystem\InventoryManagementSystem\userModel.h(13,3): warning C4996: 'strcpy': This function or variable may be unsafe. Consider using strcpy_s instead. To disable deprecation, use _CRT_SECURE_NO_WARNINGS. See online help for details.
C:\Users\anish\Downloads\samir\InventoryManagementSystem\InventoryManagementSystem\userModel.h(51,5): warning C4996: 'strcpy': This function or variable may be unsafe. Consider using strcpy_s instead. To disable deprecation, use _CRT_SECURE_NO_WARNINGS. See online help for details.
C:\Users\anish\Downloads\samir\InventoryManagementSystem\InventoryManagementSystem\userModel.h(102,6): warning C4996: 'strcpy': This function or variable may be unsafe. Consider using strcpy_s instead. To disable deprecation, use _CRT_SECURE_NO_WARNINGS. See online help for details.
C:\Users\anish\Downloads\samir\InventoryManagementSystem\InventoryManagementSystem\userModel.h(103,6): warning C4996: 'strcpy': This function or variable may be unsafe. Consider using strcpy_s instead. To disable deprecation, use _CRT_SECURE_NO_WARNINGS. See online help for details.
  AssemblyInfo.cpp
  dahhboard1.cpp
  dashboard0.cpp
  DashboardScreen.cpp
C:\Users\anish\Downloads\samir\InventoryManagementSystem\InventoryManagementSystem\userModel.h(11,3): warning C4996: 'strcpy': This function or variable may be unsafe. Consider using strcpy_s instead. To disable deprecation, use _CRT_SECURE_NO_WARNINGS. See online help for details.
C:\Users\anish\Downloads\samir\InventoryManagementSystem\InventoryManagementSystem\userModel.h(12,3): warning C4996: 'strcpy': This function or variable may be unsafe. Consider using strcpy_s instead. To disable deprecation, use _CRT_SECURE_NO_WARNINGS. See online help for details.
C:\Users\anish\Downloads\samir\InventoryManagementSystem\InventoryManagementSystem\userModel.h(13,3): warning C4996: 'strcpy': This function or variable may be unsafe. Consider using strcpy_s instead. To disable deprecation, use _CRT_SECURE_NO_WARNINGS. See online help for details.
C:\Users\anish\Downloads\samir\InventoryManagementSystem\InventoryManagementSystem\userModel.h(51,5): warning C4996: 'strcpy': This function or variable may be unsafe. Consider using strcpy_s instead. To disable deprecation, use _CRT_SECURE_NO_WARNINGS. See online help for details.
C:\Users\anish\Downloads\samir\InventoryManagementSystem\InventoryManagementSystem\userModel.h(102,6): warning C4996: 'strcpy': This function or variable may be unsafe. Consider using strcpy_s instead. To disable deprecation, use _CRT_SECURE_NO_WARNINGS. See online help for details.
C:\Users\anish\Downloads\samir\InventoryManagementSystem\InventoryManagementSystem\userModel.h(103,6): warning C4996: 'strcpy': This function or variable may be unsafe. Consider using strcpy_s instead. To disable deprecation, use _CRT_SECURE_NO_WARNINGS. See online help for details.
C:\Users\anish\Downloads\samir\InventoryManagementSystem\InventoryManagementSystem\productModel.h(14,3): warning C4996: 'strcpy': This function or variable may be unsafe. Consider using strcpy_s instead. To disable deprecation, use _CRT_SECURE_NO_WARNINGS. See online help for details.
C:\Users\anish\Downloads\samir\InventoryManagementSystem\InventoryManagementSystem\productModel.h(15,3): warning C4996: 'strcpy': This function or variable may be unsafe. Consider using strcpy_s instead. To disable deprecation, use _CRT_SECURE_NO_WARNINGS. See online help for details.
C:\Users\anish\Downloads\samir\InventoryManagementSystem\InventoryManagementSystem\productModel.h(58,5): warning C4996: 'strcpy': This function or variable may be unsafe. Consider using strcpy_s instead. To disable deprecation, use _CRT_SECURE_NO_WARNINGS. See online help for details.
C:\Users\anish\Downloads\samir\InventoryManagementSystem\InventoryManagementSystem\orderModel.h(16,3): warning C4996: 'strcpy': This function or variable may be unsafe. Consider using strcpy_s instead. To disable deprecation, use _CRT_SECURE_NO_WARNINGS. See online help for details.
C:\Users\anish\Downloads\samir\InventoryManagementSystem\InventoryManagementSystem\orderModel.h(17,3): warning C4996: 'strcpy': This function or variable may be unsafe. Consider using strcpy_s instead. To disable deprecation, use _CRT_SECURE_NO_WARNINGS. See online help for details.
C:\Users\anish\Downloads\samir\InventoryManagementSystem\InventoryManagementSystem\orderModel.h(18,3): warning C4996: 'strcpy': This function or variable may be unsafe. Consider using strcpy_s instead. To disable deprecation, use _CRT_SECURE_NO_WARNINGS. See online help for details.
C:\Users\anish\Downloads\samir\InventoryManagementSystem\InventoryManagementSystem\dashboardModel.h(14,1): warning C4267: 'return': conversion from 'size_t' to 'int', possible loss of data
C:\Users\anish\Downloads\samir\InventoryManagementSystem\InventoryManagementSystem\dashboardModel.h(20,1): warning C4267: 'return': conversion from 'size_t' to 'int', possible loss of data
C:\Users\anish\Downloads\samir\InventoryManagementSystem\InventoryManagementSystem\dashboardModel.h(26,1): warning C4267: 'return': conversion from 'size_t' to 'int', possible loss of data
  OrderItem.cpp
  orders0.cpp
  orders1.cpp
  OrdersScreen.cpp
  Pages.cpp
  ProductItem.cpp
  products0.cpp
  products1.cpp
  ProductsSCreen.cpp
  UserItem.cpp
  users0.cpp
  Users1.cpp
  UserScreen.cpp
C:\Users\anish\Downloads\samir\InventoryManagementSystem\InventoryManagementSystem\userModel.h(11,3): warning C4996: 'strcpy': This function or variable may be unsafe. Consider using strcpy_s instead. To disable deprecation, use _CRT_SECURE_NO_WARNINGS. See online help for details.
C:\Users\anish\Downloads\samir\InventoryManagementSystem\InventoryManagementSystem\userModel.h(12,3): warning C4996: 'strcpy': This function or variable may be unsafe. Consider using strcpy_s instead. To disable deprecation, use _CRT_SECURE_NO_WARNINGS. See online help for details.
C:\Users\anish\Downloads\samir\InventoryManagementSystem\InventoryManagementSystem\userModel.h(13,3): warning C4996: 'strcpy': This function or variable may be unsafe. Consider using strcpy_s instead. To disable deprecation, use _CRT_SECURE_NO_WARNINGS. See online help for details.
C:\Users\anish\Downloads\samir\InventoryManagementSystem\InventoryManagementSystem\userModel.h(51,5): warning C4996: 'strcpy': This function or variable may be unsafe. Consider using strcpy_s instead. To disable deprecation, use _CRT_SECURE_NO_WARNINGS. See online help for details.
C:\Users\anish\Downloads\samir\InventoryManagementSystem\InventoryManagementSystem\userModel.h(102,6): warning C4996: 'strcpy': This function or variable may be unsafe. Consider using strcpy_s instead. To disable deprecation, use _CRT_SECURE_NO_WARNINGS. See online help for details.
C:\Users\anish\Downloads\samir\InventoryManagementSystem\InventoryManagementSystem\userModel.h(103,6): warning C4996: 'strcpy': This function or variable may be unsafe. Consider using strcpy_s instead. To disable deprecation, use _CRT_SECURE_NO_WARNINGS. See online help for details.
  Generating Code...
  .NETFramework,Version=v4.7.2.AssemblyAttributes.cpp
  AddOrder.obj : MSIL module encountered; incremental linking is disabled for MSIL; performing full link
  Pages.vcxproj -> C:\Users\anish\Downloads\samir\InventoryManagementSystem\x64\Debug\Pages.dll
