c:\users\anish\downloads\samir\inventorymanagementsystem\pages\x64\debug\pages.pch
c:\users\anish\downloads\samir\inventorymanagementsystem\pages\x64\debug\vc143.pdb
c:\users\anish\downloads\samir\inventorymanagementsystem\pages\x64\debug\pch.obj
c:\users\anish\downloads\samir\inventorymanagementsystem\pages\x64\debug\userscreen.obj
c:\users\anish\downloads\samir\inventorymanagementsystem\pages\x64\debug\users1.obj
c:\users\anish\downloads\samir\inventorymanagementsystem\pages\x64\debug\users0.obj
c:\users\anish\downloads\samir\inventorymanagementsystem\pages\x64\debug\useritem.obj
c:\users\anish\downloads\samir\inventorymanagementsystem\pages\x64\debug\productsscreen.obj
c:\users\anish\downloads\samir\inventorymanagementsystem\pages\x64\debug\products1.obj
c:\users\anish\downloads\samir\inventorymanagementsystem\pages\x64\debug\products0.obj
c:\users\anish\downloads\samir\inventorymanagementsystem\pages\x64\debug\productitem.obj
c:\users\anish\downloads\samir\inventorymanagementsystem\pages\x64\debug\pages.obj
c:\users\anish\downloads\samir\inventorymanagementsystem\pages\x64\debug\ordersscreen.obj
c:\users\anish\downloads\samir\inventorymanagementsystem\pages\x64\debug\orders1.obj
c:\users\anish\downloads\samir\inventorymanagementsystem\pages\x64\debug\orders0.obj
c:\users\anish\downloads\samir\inventorymanagementsystem\pages\x64\debug\orderitem.obj
c:\users\anish\downloads\samir\inventorymanagementsystem\pages\x64\debug\dashboardscreen.obj
c:\users\anish\downloads\samir\inventorymanagementsystem\pages\x64\debug\dashboard0.obj
c:\users\anish\downloads\samir\inventorymanagementsystem\pages\x64\debug\dahhboard1.obj
c:\users\anish\downloads\samir\inventorymanagementsystem\pages\x64\debug\assemblyinfo.obj
c:\users\anish\downloads\samir\inventorymanagementsystem\pages\x64\debug\.netframework,version=v4.7.2.assemblyattributes.obj
c:\users\anish\downloads\samir\inventorymanagementsystem\x64\debug\pages.dll
c:\users\anish\downloads\samir\inventorymanagementsystem\x64\debug\pages.pdb
c:\users\anish\downloads\samir\inventorymanagementsystem\pages\x64\debug\app.res
c:\users\anish\downloads\samir\inventorymanagementsystem\pages\x64\debug\pages.tlog\cl.command.1.tlog
c:\users\anish\downloads\samir\inventorymanagementsystem\pages\x64\debug\pages.tlog\cl.read.1.tlog
c:\users\anish\downloads\samir\inventorymanagementsystem\pages\x64\debug\pages.tlog\cl.write.1.tlog
c:\users\anish\downloads\samir\inventorymanagementsystem\pages\x64\debug\pages.tlog\link.command.1.tlog
c:\users\anish\downloads\samir\inventorymanagementsystem\pages\x64\debug\pages.tlog\link.read.1.tlog
c:\users\anish\downloads\samir\inventorymanagementsystem\pages\x64\debug\pages.tlog\link.write.1.tlog
c:\users\anish\downloads\samir\inventorymanagementsystem\pages\x64\debug\pages.tlog\metagen.read.1.tlog
c:\users\anish\downloads\samir\inventorymanagementsystem\pages\x64\debug\pages.tlog\metagen.write.1.tlog
c:\users\anish\downloads\samir\inventorymanagementsystem\pages\x64\debug\pages.tlog\rc.command.1.tlog
c:\users\anish\downloads\samir\inventorymanagementsystem\pages\x64\debug\pages.tlog\rc.read.1.tlog
c:\users\anish\downloads\samir\inventorymanagementsystem\pages\x64\debug\pages.tlog\rc.write.1.tlog
c:\users\anish\downloads\samir\inventorymanagementsystem\pages\x64\debug\pages.tlog\resgen.command.1.tlog
c:\users\anish\downloads\samir\inventorymanagementsystem\pages\x64\debug\pages.tlog\resgen.read.1.tlog
c:\users\anish\downloads\samir\inventorymanagementsystem\pages\x64\debug\pages.tlog\resgen.write.1.tlog
